INFO:root:2023-07-07 正常：登録完了
INFO:root:2023-07-07 insert into passwordwk_dev(pwd, app, other_info, registered_date) values('9%TJ0$FWZ','GitHub', '', '2023-07-07')
ERROR:root:2023-07-07 エラー：パスワード作成完了
INFO:root:2023-07-07 パスワード検索完了
INFO:root:2023-07-07 select accountclas from application_dev where name = 'GitHub'
INFO:root:2023-07-07 パスワード検索完了
INFO:root:2023-07-07 select count(*) as cnt from passwordwk_dev
INFO:root:2023-07-07 正常：ワークテーブル削除完了
INFO:root:2023-07-07 delete from passwordwk_dev
INFO:root:2023-07-07 正常：登録完了
INFO:root:2023-07-07 insert into passwordwk_dev(pwd, app, other_info, registered_date) values('Gb5UBwz6&','GitHub', '', '2023-07-07')
ERROR:root:2023-07-07 エラー：パスワード作成完了
INFO:root:2023-07-07 パスワード検索完了
INFO:root:2023-07-07 select accountclas from application_dev where name = 'GitHub'
INFO:root:2023-07-07 パスワード検索完了
INFO:root:2023-07-07 select count(*) as cnt from passwordwk_dev
INFO:root:2023-07-07 正常：ワークテーブル削除完了
INFO:root:2023-07-07 delete from passwordwk_dev
INFO:root:2023-07-07 正常：登録完了
INFO:root:2023-07-07 insert into passwordwk_dev(pwd, app, other_info, registered_date) values('#9@7Ul3#O','GitHub', '', '2023-07-07')
ERROR:root:2023-07-07 エラー：パスワード作成完了
INFO:root:2023-07-07 パスワード検索完了
INFO:root:2023-07-07 select accountclas from application_dev where name = 'GitHub'
INFO:root:2023-07-07 正常：登録完了
INFO:root:2023-07-07 insert into password_dev(pwd, app, other_info, registered_date) values('IzlAN1VsMyNP','GitHub', null ,'2023-07-07')
INFO:root:2023-07-07 正常：ワークテーブル削除完了
INFO:root:2023-07-07 delete from passwordwk_dev where pwd = '#9@7Ul3#O' and app = 'GitHub'
INFO:root:2023-07-07 パスワード検索完了
INFO:root:2023-07-07 select count(*) as cnt from passwordwk_dev
